[2021-04-26T18:12:48.717] [INFO] app - InversifyKoaServer 启动成功！
[2021-04-26T18:12:48.724] [INFO] app - InversifyKoaServer 启动成功！
[2021-04-26T18:13:18.662] [INFO] app - {"method":"POST","url":"/lottery/init","headers":{"host":"175.27.130.159:3000","user-agent":"PostmanRuntime/7.26.8","content-length":"52","accept":"*/*","accept-encoding":"gzip, deflate, br","cache-control":"no-cache","connection":"close","content-type":"application/json","postman-token":"b4a21348-f516-490c-8d17-fd105afdde70"},"ip":"::ffff:218.205.57.27"}
[2021-04-26T18:13:22.537] [INFO] app - 添加数据
[2021-04-26T18:13:22.537] [INFO] app - [
  {
    uid: '07001',
    frontNums: [ 22, 24, 29, 31, 35 ],
    backNums: [ 4, 11 ],
    prizePool: 89168335,
    firstPrice: 5000000,
    firstPriceNum: 2,
    secondPrice: 136558,
    secondPriceNum: 8,
    totalBet: 17086781,
    date: '2007-05-30'
  },
  {
    uid: '07002',
    frontNums: [ 15, 22, 31, 34, 35 ],
    backNums: [ 5, 12 ],
    prizePool: 84592975,
    firstPrice: 5000000,
    firstPriceNum: 1,
    secondPrice: 339746,
    secondPriceNum: 3,
    totalBet: 16832903,
    date: '2007-06-02'
  },
  {
    uid: '07003',
    frontNums: [ 3, 4, 18, 23, 32 ],
    backNums: [ 1, 6 ],
    prizePool: 78904528,
    firstPrice: 5000000,
    firstPriceNum: 1,
    secondPrice: 317521,
    secondPriceNum: 2,
    totalBet: 15795691,
    date: '2007-06-04'
  },
  {
    uid: '07004',
    frontNums: [ 6, 10, 16, 17, 25 ],
    backNums: [ 2, 4 ],
    prizePool: 80930948,
    firstPrice: 0,
    firstPriceNum: 0,
    secondPrice: 26607,
    secondPriceNum: 23,
    totalBet: 17651663,
    date: '2007-06-06'
  },
  {
    uid: '07005',
    frontNums: [ 1, 9, 19, 20, 30 ],
    backNums: [ 2, 11 ],
    prizePool: 84210190,
    firstPrice: 0,
    firstPriceNum: 0,
    secondPrice: 72293,
    secondPriceNum: 15,
    totalBet: 21611411,
    date: '2007-06-09'
  },
  {
    uid: '07006',
    frontNums: [ 1, 16, 20, 23, 28 ],
    backNums: [ 3, 6 ],
    prizePool: 80083542,
    firstPrice: 5000000,
    firstPriceNum: 1,
    secondPrice: 461113,
    secondPriceNum: 3,
    totalBet: 18675368,
    date: '2007-06-11'
  },
  {
    uid: '07007',
    frontNums: [ 14, 16, 25, 26, 35 ],
    backNums: [ 4, 9 ],
    prizePool: 82645026,
    firstPrice: 0,
    firstPriceNum: 0,
    secondPrice: 152469,
    secondPriceNum: 6,
    totalBet: 19473159,
    date: '2007-06-13'
  },
  {
    uid: '07008',
    frontNums: [ 2, 8, 11, 21, 23 ],
    backNums: [ 4, 7 ],
    prizePool: 85596585,
    firstPrice: 0,
    firstPriceNum: 0,
    secondPrice: 131766,
    secondPriceNum: 8,
    totalBet: 23423679,
    date: '2007-06-16'
  },
  {
    uid: '07009',
    frontNums: [ 1, 3, 9, 19, 34 ],
    backNums: [ 9, 12 ],
    prizePool: 89975065,
    firstPrice: 0,
    firstPriceNum: 0,
    secondPrice: 190700,
    secondPriceNum: 7,
    totalBet: 20385607,
    date: '2007-06-18'
  },
  {
    uid: '07010',
    frontNums: [ 6, 8, 18, 29, 34 ],
    backNums: [ 9, 11 ],
    prizePool: 94230078,
    firstPrice: 0,
    firstPriceNum: 0,
    secondPrice: 292239,
    secondPriceNum: 4,
    totalBet: 20524711,
    date: '2007-06-20'
  },
  {
    uid: '07011',
    frontNums: [ 29, 32, 33, 34, 35 ],
    backNums: [ 9, 10 ],
    prizePool: 99674870,
    firstPrice: 0,
    firstPriceNum: 0,
    secondPrice: 648189,
    secondPriceNum: 3,
    totalBet: 23587919,
    date: '2007-06-23'
  },
  {
    uid: '07012',
    frontNums: [ 3, 12, 15, 29, 34 ],
    backNums: [ 7, 11 ],
    prizePool: 98897389,
    firstPrice: 5000000,
    firstPriceNum: 1,
    secondPrice: 183907,
    secondPriceNum: 7,
    totalBet: 19740389,
    date: '2007-06-25'
  },
  {
    uid: '07013',
    frontNums: [ 12, 17, 27, 29, 34 ],
    backNums: [ 6, 9 ],
    prizePool: 102960707,
    firstPrice: 0,
    firstPriceNum: 0,
    secondPrice: 83401,
    secondPriceNum: 12,
    totalBet: 19897386,
    date: '2007-06-27'
  },
  {
    uid: '07014',
    frontNums: [ 1, 2, 7, 29, 32 ],
    backNums: [ 6, 7 ],
    prizePool: 105236279,
    firstPrice: 0,
    firstPriceNum: 0,
    secondPrice: 816872,
    secondPriceNum: 6,
    totalBet: 28218110,
    date: '2007-06-30'
  },
  {
    uid: '07015',
    frontNums: [ 2, 8, 12, 13, 17 ],
    backNums: [ 11, 12 ],
    prizePool: 100236279,
    firstPrice: 6713983,
    firstPriceNum: 1,
    secondPrice: 521647,
    secondPriceNum: 8,
    totalBet: 22817212,
    date: '2007-07-02'
  },
  {
    uid: '07016',
    frontNums: [ 1, 14, 19, 24, 31 ],
    backNums: [ 3, 12 ],
    prizePool: 101964762,
    firstPrice: 0,
    firstPriceNum: 0,
    secondPrice: 672187,
    secondPriceNum: 6,
    totalBet: 23123073,
    date: '2007-07-04'
  },
  {
    uid: '07017',
    frontNums: [ 13, 14, 29, 32, 34 ],
    backNums: [ 3, 12 ],
    prizePool: 96964762,
    firstPrice: 7167809,
    firstPriceNum: 1,
    secondPrice: 1319535,
    secondPriceNum: 4,
    totalBet: 25998850,
    date: '2007-07-07'
  },
  {
    uid: '07018',
    frontNums: [ 3, 4, 16, 23, 28 ],
    backNums: [ 6, 9 ],
    prizePool: 99815184,
    firstPrice: 0,
    firstPriceNum: 0,
    secondPrice: 66104,
    secondPriceNum: 13,
    totalBet: 21806412,
    date: '2007-07-09'
  },
  {
    uid: '07019',
    frontNums: [ 3, 6, 17, 22, 23 ],
    backNums: [ 4, 6 ],
    prizePool: 103935374,
    firstPrice: 0,
    firstPriceNum: 0,
    secondPrice: 131383,
    secondPriceNum: 10,
    totalBet: 22362521,
    date: '2007-07-11'
  },
  {
    uid: '07020',
    frontNums: [ 2, 6, 11, 12, 18 ],
    backNums: [ 5, 12 ],
    prizePool: 98935374,
    firstPrice: 6697736,
    firstPriceNum: 1,
    secondPrice: 540188,
    secondPriceNum: 7,
    totalBet: 27639555,
    date: '2007-07-14'
  },
  {
    uid: '07021',
    frontNums: [ 2, 4, 24, 29, 33 ],
    backNums: [ 1, 2 ],
    prizePool: 103966251,
    firstPrice: 0,
    firstPriceNum: 0,
    secondPrice: 427795,
    secondPriceNum: 3,
    totalBet: 22696842,
    date: '2007-07-16'
  },
  {
    uid: '07022',
    frontNums: [ 8, 10, 12, 23, 25 ],
    backNums: [ 3, 10 ],
    prizePool: 105314853,
    firstPrice: 0,
    firstPriceNum: 0,
    secondPrice: 609046,
    secondPriceNum: 5,
    totalBet: 23189618,
    date: '2007-07-18'
  },
  {
    uid: '07023',
    frontNums: [ 8, 10, 23, 32, 34 ],
    backNums: [ 8, 10 ],
    prizePool: 97314853,
    firstPrice: 6276376,
    firstPriceNum: 1,
    secondPrice: 1588379,
    secondPriceNum: 3,
    totalBet: 27246875,
    date: '2007-07-21'
  },
  {
    uid: '07024',
    frontNums: [ 6, 16, 20, 25, 31 ],
    backNums: [ 4, 9 ],
    prizePool: 100360583,
    firstPrice: 0,
    firstPriceNum: 0,
    secondPrice: 89160,
    secondPriceNum: 11,
    totalBet: 23771974,
    date: '2007-07-23'
  },
  {
    uid: '07025',
    frontNums: [ 22, 24, 26, 27, 34 ],
    backNums: [ 2, 10 ],
    prizePool: 102482191,
    firstPrice: 0,
    firstPriceNum: 0,
    secondPrice: 2970252,
    secondPriceNum: 2,
    totalBet: 25639317,
    date: '2007-07-25'
  },
  {
    uid: '07026',
    frontNums: [ 5, 9, 13, 33, 35 ],
    backNums: [ 1, 8 ],
    prizePool: 103992777,
    firstPrice: 0,
    firstPriceNum: 0,
    secondPrice: 640854,
    secondPriceNum: 6,
    totalBet: 28961885,
    date: '2007-07-28'
  },
  {
    uid: '07027',
    frontNums: [ 2, 3, 10, 19, 27 ],
    backNums: [ 6, 10 ],
    prizePool: 105765511,
    firstPrice: 0,
    firstPriceNum: 0,
    secondPrice: 381819,
    secondPriceNum: 10,
    totalBet: 25279174,
    date: '2007-07-30'
  },
  {
    uid: '07028',
    frontNums: [ 20, 26, 30, 34, 35 ],
    backNums: [ 3, 10 ],
    prizePool: 107944923,
    firstPrice: 0,
    firstPriceNum: 0,
    secondPrice: 622689,
    secondPriceNum: 8,
    totalBet: 25755284,
    date: '2007-08-01'
  },
  {
    uid: '07029',
    frontNums: [ 15, 22, 25, 29, 35 ],
    backNums: [ 9, 11 ],
    prizePool: 109715764,
    firstPrice: 0,
    firstPriceNum: 0,
    secondPrice: 729169,
    secondPriceNum: 5,
    totalBet: 29553865,
    date: '2007-08-04'
  },
  {
    uid: '07030',
    frontNums: [ 11, 14, 27, 33, 35 ],
    backNums: [ 2, 7 ],
    prizePool: 111475790,
    firstPrice: 0,
    firstPriceNum: 0,
    secondPrice: 1071320,
    secondPriceNum: 4,
    totalBet: 26391058,
    date: '2007-08-06'
  },
  {
    uid: '07031',
    frontNums: [ 3, 21, 27, 31, 32 ],
    backNums: [ 6, 8 ],
    prizePool: 113290150,
    firstPrice: 0,
    firstPriceNum: 0,
    secondPrice: 529188,
    secondPriceNum: 9,
    totalBet: 27411586,
    date: '2007-08-08'
  },
  {
    uid: '07032',
    frontNums: [ 1, 13, 21, 23, 32 ],
    backNums: [ 4, 11 ],
    prizePool: 105290150,
    firstPrice: 6207337,
    firstPriceNum: 1,
    secondPrice: 2704435,
    secondPriceNum: 2,
    totalBet: 30475342,
    date: '2007-08-11'
  },
  {
    uid: '07033',
    frontNums: [ 1, 5, 8, 14, 22 ],
    backNums: [ 3, 12 ],
    prizePool: 100290150,
    firstPrice: 6465548,
    firstPriceNum: 1,
    secondPrice: 227974,
    secondPriceNum: 15,
    totalBet: 27481967,
    date: '2007-08-13'
  },
  {
    uid: '07034',
    frontNums: [ 6, 8, 11, 13, 22 ],
    backNums: [ 2, 11 ],
    prizePool: 102099756,
    firstPrice: 0,
    firstPriceNum: 0,
    secondPrice: 1101499,
    secondPriceNum: 4,
    totalBet: 27710963,
    date: '2007-08-15'
  },
  {
    uid: '07035',
    frontNums: [ 7, 11, 16, 31, 32 ],
    backNums: [ 1, 12 ],
    prizePool: 104380164,
    firstPrice: 0,
    firstPriceNum: 0,
    secondPrice: 665119,
    secondPriceNum: 9,
    totalBet: 31899546,
    date: '2007-08-18'
  },
  {
    uid: '07036',
    frontNums: [ 15, 18, 21, 27, 34 ],
    backNums: [ 1, 2 ],
    prizePool: 106672144,
    firstPrice: 0,
    firstPriceNum: 0,
    secondPrice: 1782650,
    secondPriceNum: 3,
    totalBet: 27583299,
    date: '2007-08-20'
  },
  {
    uid: '07037',
    frontNums: [ 1, 6, 7, 17, 31 ],
    backNums: [ 11, 12 ],
    prizePool: 109005650,
    firstPrice: 0,
    firstPriceNum: 0,
    secondPrice: 777835,
    secondPriceNum: 6,
    totalBet: 28032472,
    date: '2007-08-22'
  },
  {
    uid: '07038',
    frontNums: [ 6, 21, 25, 27, 32 ],
    backNums: [ 8, 9 ],
    prizePool: 111233173,
    firstPrice: 0,
    firstPriceNum: 0,
    secondPrice: 1355883,
    secondPriceNum: 4,
    totalBet: 30668940,
    date: '2007-08-25'
  },
  {
    uid: '07039',
    frontNums: [ 10, 11, 20, 21, 35 ],
    backNums: [ 7, 11 ],
    prizePool: 63233173,
    firstPrice: 5212668,
    firstPriceNum: 6,
    secondPrice: 793961,
    secondPriceNum: 6,
    totalBet: 27648363,
    date: '2007-08-27'
  },
  {
    uid: '07040',
    frontNums: [ 5, 21, 25, 28, 35 ],
    backNums: [ 1, 4 ],
    prizePool: 61663883,
    firstPrice: 5000000,
    firstPriceNum: 1,
    secondPrice: 410121,
    secondPriceNum: 5,
    totalBet: 28464999,
    date: '2007-08-29'
  },
  {
    uid: '07041',
    frontNums: [ 3, 16, 17, 22, 35 ],
    backNums: [ 1, 8 ],
    prizePool: 45804596,
    firstPrice: 5000000,
    firstPriceNum: 4,
    secondPrice: 296541,
    secondPriceNum: 8,
    totalBet: 34045332,
    date: '2007-09-01'
  },
  {
    uid: '07042',
    frontNums: [ 7, 10, 22, 31, 35 ],
    backNums: [ 5, 6 ],
    prizePool: 51845697,
    firstPrice: 0,
    firstPriceNum: 0,
    secondPrice: 199771,
    secondPriceNum: 9,
    totalBet: 30246408,
    date: '2007-09-03'
  },
  {
    uid: '07043',
    frontNums: [ 4, 9, 22, 24, 31 ],
    backNums: [ 2, 6 ],
    prizePool: 43955760,
    firstPrice: 5000000,
    firstPriceNum: 2,
    secondPrice: 56327,
    secondPriceNum: 27,
    totalBet: 31248714,
    date: '2007-09-05'
  },
  {
    uid: '07044',
    frontNums: [ 4, 5, 7, 12, 26 ],
    backNums: [ 1, 10 ],
    prizePool: 42773163,
    firstPrice: 5000000,
    firstPriceNum: 1,
    secondPrice: 209895,
    secondPriceNum: 8,
    totalBet: 35873627,
    date: '2007-09-08'
  },
  {
    uid: '07045',
    frontNums: [ 9, 16, 20, 26, 35 ],
    backNums: [ 11, 12 ],
    prizePool: 49745733,
    firstPrice: 0,
    firstPriceNum: 0,
    secondPrice: 259396,
    secondPriceNum: 9,
    totalBet: 31167326,
    date: '2007-09-10'
  },
  {
    uid: '07046',
    frontNums: [ 4, 16, 18, 23, 30 ],
    backNums: [ 1, 10 ],
    prizePool: 56784691,
    firstPrice: 0,
    firstPriceNum: 0,
    secondPrice: 285671,
    secondPriceNum: 7,
    totalBet: 31184324,
    date: '2007-09-12'
  },
  {
    uid: '07047',
    frontNums: [ 1, 6, 15, 19, 35 ],
    backNums: [ 2, 9 ],
    prizePool: 61754883,
    firstPrice: 0,
    firstPriceNum: 0,
    secondPrice: 201712,
    secondPriceNum: 7,
    totalBet: 35356622,
    date: '2007-09-15'
  },
  {
    uid: '07048',
    frontNums: [ 8, 25, 26, 29, 35 ],
    backNums: [ 6, 8 ],
    prizePool: 66569000,
    firstPrice: 0,
    firstPriceNum: 0,
    secondPrice: 145705,
    secondPriceNum: 10,
    totalBet: 31603672,
    date: '2007-09-17'
  },
  {
    uid: '07049',
    frontNums: [ 9, 10, 15, 17, 32 ],
    backNums: [ 4, 6 ],
    prizePool: 72471427,
    firstPrice: 0,
    firstPriceNum: 0,
    secondPrice: 195186,
    secondPriceNum: 9,
    totalBet: 31269987,
    date: '2007-09-19'
  },
  {
    uid: '07050',
    frontNums: [ 13, 21, 22, 30, 35 ],
    backNums: [ 1, 11 ],
    prizePool: 79440004,
    firstPrice: 0,
    firstPriceNum: 0,
    secondPrice: 345663,
    secondPriceNum: 6,
    totalBet: 35620417,
    date: '2007-09-22'
  },
  {
    uid: '07051',
    frontNums: [ 3, 7, 24, 28, 35 ],
    backNums: [ 8, 11 ],
    prizePool: 84426353,
    firstPrice: 0,
    firstPriceNum: 0,
    secondPrice: 111302,
    secondPriceNum: 13,
    totalBet: 30808879,
    date: '2007-09-24'
  },
  {
    uid: '07052',
    frontNums: [ 1, 14, 29, 32, 33 ],
    backNums: [ 5, 10 ],
    prizePool: 89534085,
    firstPrice: 0,
    firstPriceNum: 0,
    secondPrice: 121612,
    secondPriceNum: 12,
    totalBet: 31152461,
    date: '2007-09-26'
  },
  {
    uid: '07053',
    frontNums: [ 11, 16, 19, 21, 25 ],
    backNums: [ 1, 10 ],
    prizePool: 97511192,
    firstPrice: 0,
    firstPriceNum: 0,
    secondPrice: 138299,
    secondPriceNum: 14,
    totalBet: 36035758,
    date: '2007-09-29'
  },
  {
    uid: '07054',
    frontNums: [ 4, 10, 19, 29, 34 ],
    backNums: [ 3, 6 ],
    prizePool: 94452068,
    firstPrice: 5000000,
    firstPriceNum: 1,
    secondPrice: 105035,
    secondPriceNum: 15,
    totalBet: 28349315,
    date: '2007-10-01'
  },
  {
    uid: '07055',
    frontNums: [ 10, 16, 24, 31, 33 ],
    backNums: [ 7, 10 ],
    prizePool: 100547455,
    firstPrice: 0,
    firstPriceNum: 0,
    secondPrice: 265478,
    secondPriceNum: 7,
    totalBet: 27120226,
    date: '2007-10-03'
  },
  {
    uid: '07056',
    frontNums: [ 4, 11, 17, 20, 21 ],
    backNums: [ 5, 9 ],
    prizePool: 92547455,
    firstPrice: 6243174,
    firstPriceNum: 1,
    secondPrice: 1392355,
    secondPriceNum: 4,
    totalBet: 33285061,
    date: '2007-10-06'
  },
  {
    uid: '07057',
    frontNums: [ 14, 16, 30, 32, 35 ],
    backNums: [ 6, 7 ],
    prizePool: 98824607,
    firstPrice: 0,
    firstPriceNum: 0,
    secondPrice: 196652,
    secondPriceNum: 9,
    totalBet: 29477379,
    date: '2007-10-08'
  },
  {
    uid: '07058',
    frontNums: [ 8, 21, 25, 28, 33 ],
    backNums: [ 2, 6 ],
    prizePool: 104565766,
    firstPrice: 0,
    firstPriceNum: 0,
    secondPrice: 183072,
    secondPriceNum: 10,
    totalBet: 31181480,
    date: '2007-10-10'
  },
  {
    uid: '07059',
    frontNums: [ 4, 15, 23, 31, 33 ],
    backNums: [ 3, 9 ],
    prizePool: 107251394,
    firstPrice: 0,
    firstPriceNum: 0,
    secondPrice: 606432,
    secondPriceNum: 10,
    totalBet: 39037604,
    date: '2007-10-13'
  },
  {
    uid: '07060',
    frontNums: [ 12, 13, 29, 30, 31 ],
    backNums: [ 4, 7 ],
    prizePool: 89251394,
    firstPrice: 5446152,
    firstPriceNum: 3,
    secondPrice: 172969,
    secondPriceNum: 20,
    totalBet: 34256481,
    date: '2007-10-15'
  },
  {
    uid: '07061',
    frontNums: [ 2, 10, 19, 28, 29 ],
    backNums: [ 2, 9 ],
    prizePool: 95309737,
    firstPrice: 0,
    firstPriceNum: 0,
    secondPrice: 200342,
    secondPriceNum: 9,
    totalBet: 33874726,
    date: '2007-10-17'
  },
  {
    uid: '07062',
    frontNums: [ 1, 4, 10, 14, 29 ],
    backNums: [ 11, 12 ],
    prizePool: 101960843,
    firstPrice: 0,
    firstPriceNum: 0,
    secondPrice: 212088,
    secondPriceNum: 10,
    totalBet: 38608449,
    date: '2007-10-20'
  },
  {
    uid: '07063',
    frontNums: [ 10, 31, 33, 34, 35 ],
    backNums: [ 7, 12 ],
    prizePool: 104639890,
    firstPrice: 0,
    firstPriceNum: 0,
    secondPrice: 735424,
    secondPriceNum: 9,
    totalBet: 34984345,
    date: '2007-10-22'
  },
  {
    uid: '07064',
    frontNums: [ 2, 16, 32, 33, 35 ],
    backNums: [ 5, 10 ],
    prizePool: 94639890,
    firstPrice: 5823811,
    firstPriceNum: 2,
    secondPrice: 262121,
    secondPriceNum: 17,
    totalBet: 34813657,
    date: '2007-10-24'
  },
  {
    uid: '07065',
    frontNums: [ 19, 20, 24, 29, 31 ],
    backNums: [ 9, 10 ],
    prizePool: 102515288,
    firstPrice: 0,
    firstPriceNum: 0,
    secondPrice: 502257,
    secondPriceNum: 5,
    totalBet: 37756172,
    date: '2007-10-27'
  },
  {
    uid: '07066',
    frontNums: [ 4, 7, 8, 19, 24 ],
    backNums: [ 7, 12 ],
    prizePool: 104843650,
    firstPrice: 0,
    firstPriceNum: 0,
    secondPrice: 509328,
    secondPriceNum: 11,
    totalBet: 34190203,
    date: '2007-10-29'
  },
  {
    uid: '07067',
    frontNums: [ 11, 18, 25, 30, 31 ],
    backNums: [ 4, 9 ],
    prizePool: 94843650,
    firstPrice: 5839060,
    firstPriceNum: 2,
    secondPrice: 313249,
    secondPriceNum: 12,
    totalBet: 34680253,
    date: '2007-10-31'
  },
  {
    uid: '07068',
    frontNums: [ 4, 9, 13, 14, 33 ],
    backNums: [ 6, 10 ],
    prizePool: 101164872,
    firstPrice: 0,
    firstPriceNum: 0,
    secondPrice: 212979,
    secondPriceNum: 10,
    totalBet: 37948445,
    date: '2007-11-03'
  },
  {
    uid: '07069',
    frontNums: [ 2, 13, 16, 21, 35 ],
    backNums: [ 1, 5 ],
    prizePool: 103561582,
    firstPrice: 0,
    firstPriceNum: 0,
    secondPrice: 684774,
    secondPriceNum: 8,
    totalBet: 35595839,
    date: '2007-11-05'
  },
  {
    uid: '07070',
    frontNums: [ 7, 26, 29, 30, 35 ],
    backNums: [ 3, 4 ],
    prizePool: 105682492,
    firstPrice: 0,
    firstPriceNum: 0,
    secondPrice: 560240,
    secondPriceNum: 10,
    totalBet: 35334306,
    date: '2007-11-07'
  },
  {
    uid: '07071',
    frontNums: [ 10, 22, 32, 33, 35 ],
    backNums: [ 1, 7 ],
    prizePool: 107895254,
    firstPrice: 0,
    firstPriceNum: 0,
    secondPrice: 194834,
    secondPriceNum: 27,
    totalBet: 39637374,
    date: '2007-11-10'
  },
  {
    uid: '07072',
    frontNums: [ 21, 24, 26, 27, 33 ],
    backNums: [ 1, 5 ],
    prizePool: 110988051,
    firstPrice: 0,
    firstPriceNum: 0,
    secondPrice: 1731966,
    secondPriceNum: 5,
    totalBet: 35700819,
    date: '2007-11-12'
  },
  {
    uid: '07073',
    frontNums: [ 4, 5, 9, 12, 23 ],
    backNums: [ 2, 11 ],
    prizePool: 112071738,
    firstPrice: 0,
    firstPriceNum: 0,
    secondPrice: 97253,
    secondPriceNum: 27,
    totalBet: 36434943,
    date: '2007-11-14'
  },
  {
    uid: '07074',
    frontNums: [ 16, 17, 23, 24, 31 ],
    backNums: [ 5, 10 ],
    prizePool: 114793167,
    firstPrice: 0,
    firstPriceNum: 0,
    secondPrice: 568656,
    secondPriceNum: 11,
    totalBet: 41421431,
    date: '2007-11-17'
  },
  {
    uid: '07075',
    frontNums: [ 5, 11, 20, 30, 32 ],
    backNums: [ 7, 11 ],
    prizePool: 117340528,
    firstPrice: 0,
    firstPriceNum: 0,
    secondPrice: 699275,
    secondPriceNum: 9,
    totalBet: 36219919,
    date: '2007-11-19'
  },
  {
    uid: '07076',
    frontNums: [ 2, 9, 12, 15, 31 ],
    backNums: [ 9, 10 ],
    prizePool: 119835194,
    firstPrice: 0,
    firstPriceNum: 0,
    secondPrice: 759246,
    secondPriceNum: 8,
    totalBet: 37049025,
    date: '2007-11-21'
  },
  {
    uid: '07077',
    frontNums: [ 4, 6, 12, 13, 24 ],
    backNums: [ 1, 4 ],
    prizePool: 114835194,
    firstPrice: 8009863,
    firstPriceNum: 1,
    secondPrice: 714204,
    secondPriceNum: 10,
    totalBet: 42293385,
    date: '2007-11-24'
  },
  {
    uid: '07078',
    frontNums: [ 9, 12, 14, 22, 23 ],
    backNums: [ 1, 2 ],
    prizePool: 117816226,
    firstPrice: 0,
    firstPriceNum: 0,
    secondPrice: 1264680,
    secondPriceNum: 6,
    totalBet: 36608460,
    date: '2007-11-26'
  },
  {
    uid: '07079',
    frontNums: [ 6, 9, 25, 26, 31 ],
    backNums: [ 2, 8 ],
    prizePool: 99816226,
    firstPrice: 5742238,
    firstPriceNum: 3,
    secondPrice: 301684,
    secondPriceNum: 20,
    totalBet: 38742232,
    date: '2007-11-28'
  },
  {
    uid: '07080',
    frontNums: [ 1, 15, 20, 25, 27 ],
    backNums: [ 5, 10 ],
    prizePool: 98213654,
    firstPrice: 5000000,
    firstPriceNum: 2,
    secondPrice: 277692,
    secondPriceNum: 9,
    totalBet: 42311101,
    date: '2007-12-01'
  },
  {
    uid: '07081',
    frontNums: [ 6, 18, 20, 22, 35 ],
    backNums: [ 4, 9 ],
    prizePool: 105332263,
    firstPrice: 0,
    firstPriceNum: 0,
    secondPrice: 423726,
    secondPriceNum: 6,
    totalBet: 36977555,
    date: '2007-12-03'
  },
  {
    uid: '07082',
    frontNums: [ 3, 5, 14, 33, 34 ],
    backNums: [ 7, 8 ],
    prizePool: 107110032,
    firstPrice: 0,
    firstPriceNum: 0,
    secondPrice: 315047,
    secondPriceNum: 14,
    totalBet: 38456971,
    date: '2007-12-05'
  },
  {
    uid: '07083',
    frontNums: [ 1, 5, 20, 21, 24 ],
    backNums: [ 3, 4 ],
    prizePool: 110837729,
    firstPrice: 0,
    firstPriceNum: 0,
    secondPrice: 1739592,
    secondPriceNum: 6,
    totalBet: 43353713,
    date: '2007-12-08'
  },
  {
    uid: '07084',
    frontNums: [ 5, 11, 18, 29, 34 ],
    backNums: [ 10, 11 ],
    prizePool: 113486161,
    firstPrice: 0,
    firstPriceNum: 0,
    secondPrice: 353124,
    secondPriceNum: 18,
    totalBet: 37385115,
    date: '2007-12-10'
  },
  {
    uid: '07085',
    frontNums: [ 17, 24, 28, 29, 33 ],
    backNums: [ 2, 5 ],
    prizePool: 115737483,
    firstPrice: 0,
    firstPriceNum: 0,
    secondPrice: 318368,
    secondPriceNum: 18,
    totalBet: 38030537,
    date: '2007-12-12'
  },
  {
    uid: '07086',
    frontNums: [ 14, 18, 19, 26, 28 ],
    backNums: [ 3, 9 ],
    prizePool: 118260460,
    firstPrice: 0,
    firstPriceNum: 0,
    secondPrice: 287168,
    secondPriceNum: 21,
    totalBet: 42936245,
    date: '2007-12-15'
  },
  {
    uid: '07087',
    frontNums: [ 8, 18, 30, 31, 33 ],
    backNums: [ 4, 9 ],
    prizePool: 120730951,
    firstPrice: 0,
    firstPriceNum: 0,
    secondPrice: 516222,
    secondPriceNum: 11,
    totalBet: 38436958,
    date: '2007-12-17'
  },
  {
    uid: '07088',
    frontNums: [ 17, 18, 21, 23, 33 ],
    backNums: [ 6, 10 ],
    prizePool: 123403312,
    firstPrice: 0,
    firstPriceNum: 0,
    secondPrice: 1870652,
    secondPriceNum: 4,
    totalBet: 41692705,
    date: '2007-12-19'
  },
  {
    uid: '07089',
    frontNums: [ 8, 13, 24, 30, 34 ],
    backNums: [ 1, 12 ],
    prizePool: 118403312,
    firstPrice: 7952689,
    firstPriceNum: 1,
    secondPrice: 162746,
    secondPriceNum: 34,
    totalBet: 45773774,
    date: '2007-12-22'
  },
  {
    uid: '07090',
    frontNums: [ 4, 20, 24, 31, 33 ],
    backNums: [ 9, 12 ],
    prizePool: 121062620,
    firstPrice: 0,
    firstPriceNum: 0,
    secondPrice: 203444,
    secondPriceNum: 30,
    totalBet: 39253192,
    date: '2007-12-24'
  },
  {
    uid: '07091',
    frontNums: [ 7, 12, 26, 31, 32 ],
    backNums: [ 3, 8 ],
    prizePool: 103062620,
    firstPrice: 5236878,
    firstPriceNum: 3,
    secondPrice: 106595,
    secondPriceNum: 20,
    totalBet: 40161438,
    date: '2007-12-26'
  },
  {
    uid: '07092',
    frontNums: [ 6, 19, 27, 28, 29 ],
    backNums: [ 6, 10 ],
    prizePool: 98062620,
    firstPrice: 6940785,
    firstPriceNum: 1,
    secondPrice: 292161,
    secondPriceNum: 15,
    totalBet: 45711827,
    date: '2007-12-29'
  },
  {
    uid: '07093',
    frontNums: [ 6, 8, 16, 25, 27 ],
    backNums: [ 8, 12 ],
    prizePool: 105764152,
    firstPrice: 0,
    firstPriceNum: 0,
    secondPrice: 120638,
    secondPriceNum: 18,
    totalBet: 38317823,
    date: '2007-12-31'
  },
  {
    uid: '08001',
    frontNums: [ 1, 2, 11, 34, 35 ],
    backNums: [ 3, 10 ],
    prizePool: 107601362,
    firstPrice: 0,
    firstPriceNum: 0,
    secondPrice: 129903,
    secondPriceNum: 36,
    totalBet: 38404594,
    date: '2008-01-02'
  },
  {
    uid: '08002',
    frontNums: [ 1, 12, 24, 31, 32 ],
    backNums: [ 10, 12 ],
    prizePool: 111278288,
    firstPrice: 0,
    firstPriceNum: 0,
    secondPrice: 971263,
    secondPriceNum: 10,
    totalBet: 44465710,
    date: '2008-01-05'
  },
  {
    uid: '08003',
    frontNums: [ 1, 11, 13, 32, 35 ],
    backNums: [ 2, 7 ],
    prizePool: 106278288,
    firstPrice: 7475629,
    firstPriceNum: 1,
    secondPrice: 403009,
    secondPriceNum: 13,
    totalBet: 39677464,
    date: '2008-01-07'
  },
  {
    uid: '08004',
    frontNums: [ 9, 22, 24, 31, 33 ],
    backNums: [ 8, 9 ],
    prizePool: 96278288,
    firstPrice: 5394124,
    firstPriceNum: 2,
    secondPrice: 70740,
    secondPriceNum: 30,
    totalBet: 39786149,
    date: '2008-01-09'
  },
  {
    uid: '08005',
    frontNums: [ 18, 25, 29, 31, 34 ],
    backNums: [ 9, 10 ],
    prizePool: 104436044,
    firstPrice: 0,
    firstPriceNum: 0,
    secondPrice: 205174,
    secondPriceNum: 13,
    totalBet: 43740608,
    date: '2008-01-12'
  },
  {
    uid: '08006',
    frontNums: [ 10, 12, 26, 29, 34 ],
    backNums: [ 5, 7 ],
    prizePool: 76436044,
    firstPrice: 5362133,
    firstPriceNum: 5,
    secondPrice: 556690,
    secondPriceNum: 9,
    totalBet: 38616408,
    date: '2008-01-14'
  },
  {
    uid: '08007',
    frontNums: [ 3, 4, 5, 12, 28 ],
    backNums: [ 3, 12 ],
    prizePool: 77740690,
    firstPrice: 5000000,
    firstPriceNum: 1,
    secondPrice: 150110,
    secondPriceNum: 12,
    totalBet: 37938717,
    date: '2008-01-16'
  },
  ... 2011 more items
]
[2021-04-26T18:13:23.438] [INFO] app - 数据初始化成功
[2021-04-26T18:13:36.360] [INFO] app - {"method":"GET","url":"/lottery/analyze","headers":{"host":"175.27.130.159:3000","user-agent":"PostmanRuntime/7.26.8","content-length":"52","accept":"*/*","accept-encoding":"gzip, deflate, br","cache-control":"no-cache","connection":"close","content-type":"application/json","postman-token":"132e8969-2f57-48cc-b286-dae86a3d76ce"},"ip":"::ffff:218.205.57.27"}
[2021-04-26T18:13:40.956] [INFO] app - {"method":"POST","url":"/lottery/analyze","headers":{"host":"175.27.130.159:3000","user-agent":"PostmanRuntime/7.26.8","content-length":"52","accept":"*/*","accept-encoding":"gzip, deflate, br","cache-control":"no-cache","connection":"close","content-type":"application/json","postman-token":"a38faf65-be7e-4926-858b-b0fa6f6d6526"},"ip":"::ffff:218.205.57.27"}
[2021-04-26T18:13:40.964] [ERROR] app - TypeError: Cannot read property 'prizePool' of undefined
    at LotteryService.analyze (/root/noteCloud/server/dist/services/lotteryService.js:31:48)
    at LotteryController.analyze (/root/noteCloud/server/dist/controllers/lotteryController.js:49:45)
    at runMicrotasks (<anonymous>)
    at processTicksAndRejections (internal/process/task_queues.js:93:5)
[2021-04-26T18:14:17.243] [INFO] app - {"method":"POST","url":"/lottery/analyze","headers":{"host":"175.27.130.159:3000","user-agent":"PostmanRuntime/7.26.8","content-length":"52","accept":"*/*","accept-encoding":"gzip, deflate, br","cache-control":"no-cache","connection":"close","content-type":"application/json","postman-token":"1b87f6db-c27e-4d6f-a2a4-86aa09011fc5"},"ip":"::ffff:218.205.57.27"}
[2021-04-26T18:14:17.267] [ERROR] app - TypeError: Cannot read property 'prizePool' of undefined
    at LotteryService.analyze (/root/noteCloud/server/dist/services/lotteryService.js:31:48)
    at LotteryController.analyze (/root/noteCloud/server/dist/controllers/lotteryController.js:49:45)
    at processTicksAndRejections (internal/process/task_queues.js:93:5)
[2021-04-26T18:14:22.024] [INFO] app - {"method":"GET","url":"/lottery/analyze","headers":{"host":"175.27.130.159:3000","user-agent":"PostmanRuntime/7.26.8","content-length":"52","accept":"*/*","accept-encoding":"gzip, deflate, br","cache-control":"no-cache","connection":"close","content-type":"application/json","postman-token":"b755a599-10a2-497b-b68b-c0d3832c57df"},"ip":"::ffff:218.205.57.27"}
